This is pdfTeX, Version 3.14159265-2.6-1.40.16 (TeX Live 2015/Arch Linux) (preloaded format=latex 2016.3.24)  24 JUL 2016 00:03
entering extended mode
 restricted \write18 enabled.
 %&-line parsing enabled.
**coursework.tex
(./coursework.tex
LaTeX2e <2015/10/01> patch level 2
Babel <3.9m> and hyphenation patterns for 79 languages loaded.

! LaTeX Error: File `matmex-diploma-custom.cls.cls' not found.

Type X to quit or <RETURN> to proceed,
or enter new name. (Default extension: cls)

Enter file name: 
! Emergency stop.
<read *> 
         
l.11 \usepackage
                {enumitem}^^M
*** (cannot \read from terminal in nonstop modes)

 
Here is how much of TeX's memory you used:
 10 strings out of 493055
 279 string characters out of 6140612
 53371 words of memory out of 5000000
 3631 multiletter control sequences out of 15000+600000
 3640 words of font info for 14 fonts, out of 8000000 for 9000
 1141 hyphenation exceptions out of 8191
 10i,0n,7p,184b,8s stack positions out of 5000i,500n,10000p,200000b,80000s
No pages of output.
